<?xml version="1.0" encoding="UTF-8"?>
<testsuite name="clase01.DataTypesTest" tests="9" skipped="0" failures="0" errors="0" timestamp="2023-06-19T13:41:15" hostname="MBP-de-GB.fibertel.com.ar" time="0.046">
  <properties/>
  <testcase name="testGetTypeBoolean()" classname="clase01.DataTypesTest" time="0.027"/>
  <testcase name="testVerifyValueIsBoolean()" classname="clase01.DataTypesTest" time="0.001"/>
  <testcase name="testVerifyValueIsDouble()" classname="clase01.DataTypesTest" time="0.002"/>
  <testcase name="testGetTypeDouble()" classname="clase01.DataTypesTest" time="0.003"/>
  <testcase name="testVerifyValueIsBooleanToo()" classname="clase01.DataTypesTest" time="0.002"/>
  <testcase name="testGetTypeString()" classname="clase01.DataTypesTest" time="0.001"/>
  <testcase name="testGetTypeInteger()" classname="clase01.DataTypesTest" time="0.0"/>
  <testcase name="testVerifyValueIsInteger()" classname="clase01.DataTypesTest" time="0.0"/>
  <testcase name="testGetTypeFloat()" classname="clase01.DataTypesTest" time="0.0"/>
  <system-out><![CDATA[]]></system-out>
  <system-err><![CDATA[]]></system-err>
</testsuite>
