<?xml version="1.0" encoding="UTF-8"?>
<testsuite name="clase02.EnterosTest" tests="1" skipped="0" failures="0" errors="0" timestamp="2023-06-21T18:03:00" hostname="LAPTOP-333D5QB3" time="0.052">
  <properties/>
  <testcase name="givenTwoIntegers_whenDivide_thenCorrectResult()" classname="clase02.EnterosTest" time="0.052"/>
  <system-out><![CDATA[]]></system-out>
  <system-err><![CDATA[]]></system-err>
</testsuite>
